<?xml version="1.0" encoding="UTF-8"?>
<testng-results skipped="0" failed="3" ignored="0" total="8" passed="5">
  <reporter-output>
  </reporter-output>
  <suite name="Default suite" duration-ms="293219" started-at="2021-08-16T16:59:46 IST" finished-at="2021-08-16T17:04:39 IST">
    <groups>
      <group name="cucumber">
        <method signature="AbstractTestNGCucumberTests.runScenario(io.cucumber.testng.PickleWrapper,io.cucumber.testng.FeatureWrapper)[pri:0, instance:testrunner@43738a82]" name="runScenario" class="io.cucumber.testng.AbstractTestNGCucumberTests"/>
      </group> <!-- cucumber -->
    </groups>
    <test name="Default test" duration-ms="293219" started-at="2021-08-16T16:59:46 IST" finished-at="2021-08-16T17:04:39 IST">
      <class name="testrunner">
        <test-method status="PASS" signature="setUpClass()[pri:0, instance:testrunner@43738a82]" name="setUpClass" is-config="true" duration-ms="843" started-at="2021-08-16T16:59:46 IST" finished-at="2021-08-16T16:59:47 IST">
          <reporter-output>
          </reporter-output>
        </test-method> <!-- setUpClass -->
        <test-method status="FAIL" signature="runScenario(io.cucumber.testng.PickleWrapper,io.cucumber.testng.FeatureWrapper)[pri:0, instance:testrunner@43738a82]" name="runScenario" duration-ms="68351" started-at="2021-08-16T16:59:47 IST" description="Runs Cucumber Scenarios" data-provider="scenarios" finished-at="2021-08-16T17:00:56 IST">
          <params>
            <param index="0">
              <value>
                <![CDATA["User wants to enter price  in  price textfield"]]>
              </value>
            </param>
            <param index="1">
              <value>
                <![CDATA["Optional[open the application]"]]>
              </value>
            </param>
          </params>
          <exception class="java.lang.AssertionError">
            <message>
              <![CDATA[expected [Please enter price with in limit] but found []]]>
            </message>
            <full-stacktrace>
              <![CDATA[java.lang.AssertionError: expected [Please enter price with in limit] but found []
at org.testng.Assert.fail(Assert.java:99)
at org.testng.Assert.failNotEquals(Assert.java:1037)
at org.testng.Assert.assertEqualsImpl(Assert.java:140)
at org.testng.Assert.assertEquals(Assert.java:122)
at org.testng.Assert.assertEquals(Assert.java:629)
at org.testng.Assert.assertEquals(Assert.java:639)
at stepdefinition.tc8_pricedefect.the_user_enter_price_in_textfield_which_is_beyond_limit(tc8_pricedefect.java:47)
at ✽.the user enter price in textfield which is beyond limit(file:///C:/Users/lenovo/Desktop/eclipse/quikrextentreports/src/test/resources/features/defectprice.feature:5)
]]>
            </full-stacktrace>
          </exception> <!-- java.lang.AssertionError -->
          <reporter-output>
          </reporter-output>
        </test-method> <!-- runScenario -->
        <test-method status="PASS" signature="runScenario(io.cucumber.testng.PickleWrapper,io.cucumber.testng.FeatureWrapper)[pri:0, instance:testrunner@43738a82]" name="runScenario" duration-ms="97383" started-at="2021-08-16T17:00:56 IST" description="Runs Cucumber Scenarios" data-provider="scenarios" finished-at="2021-08-16T17:02:33 IST">
          <params>
            <param index="0">
              <value>
                <![CDATA["User wants to enter details in  Post Free Ad page"]]>
              </value>
            </param>
            <param index="1">
              <value>
                <![CDATA["Optional[open the application]"]]>
              </value>
            </param>
          </params>
          <reporter-output>
          </reporter-output>
        </test-method> <!-- runScenario -->
        <test-method status="FAIL" signature="runScenario(io.cucumber.testng.PickleWrapper,io.cucumber.testng.FeatureWrapper)[pri:0, instance:testrunner@43738a82]" name="runScenario" duration-ms="12149" started-at="2021-08-16T17:02:33 IST" description="Runs Cucumber Scenarios" data-provider="scenarios" finished-at="2021-08-16T17:02:45 IST">
          <params>
            <param index="0">
              <value>
                <![CDATA["User wants to get error for invalid email and mobile number in  Post  Ad page"]]>
              </value>
            </param>
            <param index="1">
              <value>
                <![CDATA["Optional[error for invalid email and mobile number]"]]>
              </value>
            </param>
          </params>
          <exception class="org.openqa.selenium.NoSuchElementException">
            <message>
              <![CDATA[no such element: Unable to locate element: {"method":"link text","selector":"I Accept"}
  (Session info: chrome=92.0.4515.131)
For documentation on this error, please visit: https://www.seleniumhq.org/exceptions/no_such_element.html
Build info: version: '3.141.59', revision: 'e82be7d358', time: '2018-11-14T08:17:03'
System info: host: 'DESKTOP-CRBAKH8', ip: '192.168.43.238', os.name: 'Windows 10', os.arch: 'amd64', os.version: '10.0', java.version: '1.8.0_291'
Driver info: org.openqa.selenium.chrome.ChromeDriver
Capabilities {acceptInsecureCerts: false, browserName: chrome, browserVersion: 92.0.4515.131, chrome: {chromedriverVersion: 91.0.4472.101 (af52a90bf870..., userDataDir: C:\Users\lenovo\AppData\Loc...}, goog:chromeOptions: {debuggerAddress: localhost:56446}, javascriptEnabled: true, networkConnectionEnabled: false, pageLoadStrategy: normal, platform: WINDOWS, platformName: WINDOWS, proxy: Proxy(), setWindowRect: true, strictFileInteractability: false, timeouts: {implicit: 0, pageLoad: 300000, script: 30000}, unhandledPromptBehavior: dismiss and notify, webauthn:extension:largeBlob: true, webauthn:virtualAuthenticators: true}
Session ID: 06c76144cd761f3b55249b88dbb668c8
*** Element info: {Using=link text, value=I Accept}]]>
            </message>
            <full-stacktrace>
              <![CDATA[org.openqa.selenium.NoSuchElementException: no such element: Unable to locate element: {"method":"link text","selector":"I Accept"}
  (Session info: chrome=92.0.4515.131)
For documentation on this error, please visit: https://www.seleniumhq.org/exceptions/no_such_element.html
Build info: version: '3.141.59', revision: 'e82be7d358', time: '2018-11-14T08:17:03'
System info: host: 'DESKTOP-CRBAKH8', ip: '192.168.43.238', os.name: 'Windows 10', os.arch: 'amd64', os.version: '10.0', java.version: '1.8.0_291'
Driver info: org.openqa.selenium.chrome.ChromeDriver
Capabilities {acceptInsecureCerts: false, browserName: chrome, browserVersion: 92.0.4515.131, chrome: {chromedriverVersion: 91.0.4472.101 (af52a90bf870..., userDataDir: C:\Users\lenovo\AppData\Loc...}, goog:chromeOptions: {debuggerAddress: localhost:56446}, javascriptEnabled: true, networkConnectionEnabled: false, pageLoadStrategy: normal, platform: WINDOWS, platformName: WINDOWS, proxy: Proxy(), setWindowRect: true, strictFileInteractability: false, timeouts: {implicit: 0, pageLoad: 300000, script: 30000}, unhandledPromptBehavior: dismiss and notify, webauthn:extension:largeBlob: true, webauthn:virtualAuthenticators: true}
Session ID: 06c76144cd761f3b55249b88dbb668c8
*** Element info: {Using=link text, value=I Accept}
at sun.reflect.NativeConstructorAccessorImpl.newInstance0(Native Method)
at sun.reflect.NativeConstructorAccessorImpl.newInstance(NativeConstructorAccessorImpl.java:62)
at sun.reflect.DelegatingConstructorAccessorImpl.newInstance(DelegatingConstructorAccessorImpl.java:45)
at java.lang.reflect.Constructor.newInstance(Constructor.java:423)
at org.openqa.selenium.remote.http.W3CHttpResponseCodec.createException(W3CHttpResponseCodec.java:187)
at org.openqa.selenium.remote.http.W3CHttpResponseCodec.decode(W3CHttpResponseCodec.java:122)
at org.openqa.selenium.remote.http.W3CHttpResponseCodec.decode(W3CHttpResponseCodec.java:49)
at org.openqa.selenium.remote.HttpCommandExecutor.execute(HttpCommandExecutor.java:158)
at org.openqa.selenium.remote.service.DriverCommandExecutor.execute(DriverCommandExecutor.java:83)
at org.openqa.selenium.remote.RemoteWebDriver.execute(RemoteWebDriver.java:552)
at org.openqa.selenium.remote.RemoteWebDriver.findElement(RemoteWebDriver.java:323)
at org.openqa.selenium.remote.RemoteWebDriver.findElementByLinkText(RemoteWebDriver.java:380)
at org.openqa.selenium.By$ByLinkText.findElement(By.java:220)
at org.openqa.selenium.remote.RemoteWebDriver.findElement(RemoteWebDriver.java:315)
at pageobjects.invalidfield.clickbutton(invalidfield.java:15)
at stepdefinition.tc6_invalidemail.the_user_enter(tc6_invalidemail.java:37)
at ✽.the user enter "ab@gmail.com","987654232"(file:///C:/Users/lenovo/Desktop/eclipse/quikrextentreports/src/test/resources/features/invalidemail.feature:5)
]]>
            </full-stacktrace>
          </exception> <!-- org.openqa.selenium.NoSuchElementException -->
          <reporter-output>
          </reporter-output>
        </test-method> <!-- runScenario -->
        <test-method status="PASS" signature="runScenario(io.cucumber.testng.PickleWrapper,io.cucumber.testng.FeatureWrapper)[pri:0, instance:testrunner@43738a82]" name="runScenario" duration-ms="34775" started-at="2021-08-16T17:02:45 IST" description="Runs Cucumber Scenarios" data-provider="scenarios" finished-at="2021-08-16T17:03:20 IST">
          <params>
            <param index="0">
              <value>
                <![CDATA["User wants to enter title in  Post  Ad page"]]>
              </value>
            </param>
            <param index="1">
              <value>
                <![CDATA["Optional[open the application]"]]>
              </value>
            </param>
          </params>
          <reporter-output>
          </reporter-output>
        </test-method> <!-- runScenario -->
        <test-method status="PASS" signature="runScenario(io.cucumber.testng.PickleWrapper,io.cucumber.testng.FeatureWrapper)[pri:0, instance:testrunner@43738a82]" name="runScenario" duration-ms="14829" started-at="2021-08-16T17:03:20 IST" description="Runs Cucumber Scenarios" data-provider="scenarios" finished-at="2021-08-16T17:03:35 IST">
          <params>
            <param index="0">
              <value>
                <![CDATA["User wants to enter into the post free Ad page"]]>
              </value>
            </param>
            <param index="1">
              <value>
                <![CDATA["Optional[open the application]"]]>
              </value>
            </param>
          </params>
          <reporter-output>
          </reporter-output>
        </test-method> <!-- runScenario -->
        <test-method status="PASS" signature="runScenario(io.cucumber.testng.PickleWrapper,io.cucumber.testng.FeatureWrapper)[pri:0, instance:testrunner@43738a82]" name="runScenario" duration-ms="35779" started-at="2021-08-16T17:03:35 IST" description="Runs Cucumber Scenarios" data-provider="scenarios" finished-at="2021-08-16T17:04:10 IST">
          <params>
            <param index="0">
              <value>
                <![CDATA["User wants to enter into the Post Free Ad page"]]>
              </value>
            </param>
            <param index="1">
              <value>
                <![CDATA["Optional[open the application]"]]>
              </value>
            </param>
          </params>
          <reporter-output>
          </reporter-output>
        </test-method> <!-- runScenario -->
        <test-method status="PASS" signature="runScenario(io.cucumber.testng.PickleWrapper,io.cucumber.testng.FeatureWrapper)[pri:0, instance:testrunner@43738a82]" name="runScenario" duration-ms="18813" started-at="2021-08-16T17:04:10 IST" description="Runs Cucumber Scenarios" data-provider="scenarios" finished-at="2021-08-16T17:04:29 IST">
          <params>
            <param index="0">
              <value>
                <![CDATA["User wants to enter into the Post Free Ad page"]]>
              </value>
            </param>
            <param index="1">
              <value>
                <![CDATA["Optional[open the application]"]]>
              </value>
            </param>
          </params>
          <reporter-output>
          </reporter-output>
        </test-method> <!-- runScenario -->
        <test-method status="FAIL" signature="runScenario(io.cucumber.testng.PickleWrapper,io.cucumber.testng.FeatureWrapper)[pri:0, instance:testrunner@43738a82]" name="runScenario" duration-ms="8554" started-at="2021-08-16T17:04:29 IST" description="Runs Cucumber Scenarios" data-provider="scenarios" finished-at="2021-08-16T17:04:38 IST">
          <params>
            <param index="0">
              <value>
                <![CDATA["User wants to select option from pettype dropdown in  Post Ad page"]]>
              </value>
            </param>
            <param index="1">
              <value>
                <![CDATA["Optional[open the application]"]]>
              </value>
            </param>
          </params>
          <exception class="org.openqa.selenium.ElementClickInterceptedException">
            <message>
              <![CDATA[element click intercepted: Element <a href="javascript:void(0)" class="select-dropdown select_Type" data-postadname="Pet_Type" title="Pet Type *">...</a> is not clickable at point (220, 556). Other element would receive the click: <div class="pap-overlay" style="display: block;"></div>
  (Session info: chrome=92.0.4515.131)
Build info: version: '3.141.59', revision: 'e82be7d358', time: '2018-11-14T08:17:03'
System info: host: 'DESKTOP-CRBAKH8', ip: '192.168.43.238', os.name: 'Windows 10', os.arch: 'amd64', os.version: '10.0', java.version: '1.8.0_291'
Driver info: org.openqa.selenium.chrome.ChromeDriver
Capabilities {acceptInsecureCerts: false, browserName: chrome, browserVersion: 92.0.4515.131, chrome: {chromedriverVersion: 91.0.4472.101 (af52a90bf870..., userDataDir: C:\Users\lenovo\AppData\Loc...}, goog:chromeOptions: {debuggerAddress: localhost:52588}, javascriptEnabled: true, networkConnectionEnabled: false, pageLoadStrategy: normal, platform: WINDOWS, platformName: WINDOWS, proxy: Proxy(), setWindowRect: true, strictFileInteractability: false, timeouts: {implicit: 0, pageLoad: 300000, script: 30000}, unhandledPromptBehavior: dismiss and notify, webauthn:extension:largeBlob: true, webauthn:virtualAuthenticators: true}
Session ID: e87225803ade5aeb8a0ad261ce83dfeb]]>
            </message>
            <full-stacktrace>
              <![CDATA[org.openqa.selenium.ElementClickInterceptedException: element click intercepted: Element <a href="javascript:void(0)" class="select-dropdown select_Type" data-postadname="Pet_Type" title="Pet Type *">...</a> is not clickable at point (220, 556). Other element would receive the click: <div class="pap-overlay" style="display: block;"></div>
  (Session info: chrome=92.0.4515.131)
Build info: version: '3.141.59', revision: 'e82be7d358', time: '2018-11-14T08:17:03'
System info: host: 'DESKTOP-CRBAKH8', ip: '192.168.43.238', os.name: 'Windows 10', os.arch: 'amd64', os.version: '10.0', java.version: '1.8.0_291'
Driver info: org.openqa.selenium.chrome.ChromeDriver
Capabilities {acceptInsecureCerts: false, browserName: chrome, browserVersion: 92.0.4515.131, chrome: {chromedriverVersion: 91.0.4472.101 (af52a90bf870..., userDataDir: C:\Users\lenovo\AppData\Loc...}, goog:chromeOptions: {debuggerAddress: localhost:52588}, javascriptEnabled: true, networkConnectionEnabled: false, pageLoadStrategy: normal, platform: WINDOWS, platformName: WINDOWS, proxy: Proxy(), setWindowRect: true, strictFileInteractability: false, timeouts: {implicit: 0, pageLoad: 300000, script: 30000}, unhandledPromptBehavior: dismiss and notify, webauthn:extension:largeBlob: true, webauthn:virtualAuthenticators: true}
Session ID: e87225803ade5aeb8a0ad261ce83dfeb
at sun.reflect.NativeConstructorAccessorImpl.newInstance0(Native Method)
at sun.reflect.NativeConstructorAccessorImpl.newInstance(NativeConstructorAccessorImpl.java:62)
at sun.reflect.DelegatingConstructorAccessorImpl.newInstance(DelegatingConstructorAccessorImpl.java:45)
at java.lang.reflect.Constructor.newInstance(Constructor.java:423)
at org.openqa.selenium.remote.http.W3CHttpResponseCodec.createException(W3CHttpResponseCodec.java:187)
at org.openqa.selenium.remote.http.W3CHttpResponseCodec.decode(W3CHttpResponseCodec.java:122)
at org.openqa.selenium.remote.http.W3CHttpResponseCodec.decode(W3CHttpResponseCodec.java:49)
at org.openqa.selenium.remote.HttpCommandExecutor.execute(HttpCommandExecutor.java:158)
at org.openqa.selenium.remote.service.DriverCommandExecutor.execute(DriverCommandExecutor.java:83)
at org.openqa.selenium.remote.RemoteWebDriver.execute(RemoteWebDriver.java:552)
at org.openqa.selenium.remote.RemoteWebElement.execute(RemoteWebElement.java:285)
at org.openqa.selenium.remote.RemoteWebElement.click(RemoteWebElement.java:84)
at pageobjects.pettype.dropdown(pettype.java:16)
at stepdefinition.tc7_pettype.the_user_select_more_than_one_option_from_dropdown(tc7_pettype.java:39)
at ✽.the user select more than one option from dropdown(file:///C:/Users/lenovo/Desktop/eclipse/quikrextentreports/src/test/resources/features/pettype.feature:5)
]]>
            </full-stacktrace>
          </exception> <!-- org.openqa.selenium.ElementClickInterceptedException -->
          <reporter-output>
          </reporter-output>
        </test-method> <!-- runScenario -->
        <test-method status="PASS" signature="tearDownClass()[pri:0, instance:testrunner@43738a82]" name="tearDownClass" is-config="true" duration-ms="1635" started-at="2021-08-16T17:04:38 IST" finished-at="2021-08-16T17:04:39 IST">
          <reporter-output>
          </reporter-output>
        </test-method> <!-- tearDownClass -->
      </class> <!-- testrunner -->
    </test> <!-- Default test -->
  </suite> <!-- Default suite -->
</testng-results>
